# JRE version: OpenJDK Runtime Environment (21.0.1+12) (build 21.0.1+12-29)
# Java VM: OpenJDK 64-Bit Server VM (21.0.1+12-29, mixed mode, sharing, tiered, compressed oops, compressed class ptrs, g1 gc, windows-amd64)
GC Precious Log:
 CardTable entry size: 512
 Card Set container configuration: InlinePtr #cards 5 size 8 Array Of Cards #cards 12 size 40 Howl #buckets 4 coarsen threshold 1843 Howl Bitmap #cards 512 size 80 coarsen threshold 460 Card regions per heap region 1 cards per card region 2048
 CPUs: 12 total, 12 available
 Memory: 32698M
 Large Page Support: Disabled
 NUMA Support: Disabled
 Compressed Oops: Enabled (32-bit)
 Heap Region Size: 1M
 Heap Min Capacity: 256M
 Heap Initial Capacity: 256M
 Heap Max Capacity: 512M
 Pre-touch: Disabled
 Parallel Workers: 10
 Concurrent Workers: 3
 Concurrent Refinement Workers: 10
 Periodic GC: Disabled
Heap:
 garbage-first heap   total 264192K, used 188450K [0x00000000e0000000, 0x0000000100000000)
  region size 1024K, 93 young (95232K), 12 survivors (12288K)
 Metaspace       used 96502K, committed 98944K, reserved 458752K
  class space    used 13384K, committed 14592K, reserved 327680K
GC Heap History (20 events):
Event: 1.331 GC heap before
{Heap before GC invocations=1 (full 0):
 garbage-first heap   total 262144K, used 39760K [0x00000000e0000000, 0x0000000100000000)
  region size 1024K, 32 young (32768K), 3 survivors (3072K)
 Metaspace       used 4125K, committed 4352K, reserved 393216K
  class space    used 503K, committed 640K, reserved 327680K
}
Event: 1.334 GC heap after
{Heap after GC invocations=2 (full 0):
 garbage-first heap   total 262144K, used 11803K [0x00000000e0000000, 0x0000000100000000)
  region size 1024K, 1 young (1024K), 1 survivors (1024K)
 Metaspace       used 4125K, committed 4352K, reserved 393216K
  class space    used 503K, committed 640K, reserved 327680K
}
Event: 3.488 GC heap before
{Heap before GC invocations=2 (full 0):
 garbage-first heap   total 262144K, used 116251K [0x00000000e0000000, 0x0000000100000000)
  region size 1024K, 103 young (105472K), 1 survivors (1024K)
 Metaspace       used 20867K, committed 21504K, reserved 393216K
  class space    used 3002K, committed 3328K, reserved 327680K
}
Event: 3.498 GC heap after
{Heap after GC invocations=3 (full 0):
 garbage-first heap   total 262144K, used 23873K [0x00000000e0000000, 0x0000000100000000)
  region size 1024K, 13 young (13312K), 13 survivors (13312K)
 Metaspace       used 20867K, committed 21504K, reserved 393216K
  class space    used 3002K, committed 3328K, reserved 327680K
}
Event: 5.146 GC heap before
{Heap before GC invocations=4 (full 0):
 garbage-first heap   total 262144K, used 135489K [0x00000000e0000000, 0x0000000100000000)
  region size 1024K, 113 young (115712K), 13 survivors (13312K)
 Metaspace       used 34806K, committed 36096K, reserved 393216K
  class space    used 5106K, committed 5760K, reserved 327680K
}
Event: 5.158 GC heap after
{Heap after GC invocations=5 (full 0):
 garbage-first heap   total 262144K, used 45209K [0x00000000e0000000, 0x0000000100000000)
  region size 1024K, 11 young (11264K), 11 survivors (11264K)
 Metaspace       used 34806K, committed 36096K, reserved 393216K
  class space    used 5106K, committed 5760K, reserved 327680K
}
Event: 5.207 GC heap before
{Heap before GC invocations=5 (full 0):
 garbage-first heap   total 262144K, used 47257K [0x00000000e0000000, 0x0000000100000000)
  region size 1024K, 14 young (14336K), 11 survivors (11264K)
 Metaspace       used 35190K, committed 36416K, reserved 393216K
  class space    used 5148K, committed 5760K, reserved 327680K
}
Event: 5.212 GC heap after
{Heap after GC invocations=6 (full 0):
 garbage-first heap   total 262144K, used 45527K [0x00000000e0000000, 0x0000000100000000)
  region size 1024K, 11 young (11264K), 11 survivors (11264K)
 Metaspace       used 35190K, committed 36416K, reserved 393216K
  class space    used 5148K, committed 5760K, reserved 327680K
}
Event: 5.241 GC heap before
{Heap before GC invocations=6 (full 0):
 garbage-first heap   total 262144K, used 46551K [0x00000000e0000000, 0x0000000100000000)
  region size 1024K, 13 young (13312K), 11 survivors (11264K)
 Metaspace       used 35453K, committed 36736K, reserved 393216K
  class space    used 5185K, committed 5824K, reserved 327680K
}
Event: 5.246 GC heap after
{Heap after GC invocations=7 (full 0):
 garbage-first heap   total 262144K, used 45538K [0x00000000e0000000, 0x0000000100000000)
  region size 1024K, 11 young (11264K), 11 survivors (11264K)
 Metaspace       used 35453K, committed 36736K, reserved 393216K
  class space    used 5185K, committed 5824K, reserved 327680K
}
Event: 7.072 GC heap before
{Heap before GC invocations=8 (full 0):
 garbage-first heap   total 262144K, used 206306K [0x00000000e0000000, 0x0000000100000000)
  region size 1024K, 153 young (156672K), 11 survivors (11264K)
 Metaspace       used 48114K, committed 49792K, reserved 393216K
  class space    used 6846K, committed 7680K, reserved 327680K
}
Event: 7.086 GC heap after
{Heap after GC invocations=9 (full 0):
 garbage-first heap   total 262144K, used 68056K [0x00000000e0000000, 0x0000000100000000)
  region size 1024K, 20 young (20480K), 20 survivors (20480K)
 Metaspace       used 48114K, committed 49792K, reserved 393216K
  class space    used 6846K, committed 7680K, reserved 327680K
}
Event: 8.316 GC heap before
{Heap before GC invocations=9 (full 0):
 garbage-first heap   total 262144K, used 157144K [0x00000000e0000000, 0x0000000100000000)
  region size 1024K, 108 young (110592K), 20 survivors (20480K)
 Metaspace       used 59772K, committed 61696K, reserved 393216K
  class space    used 9098K, committed 10048K, reserved 327680K
}
Event: 8.329 GC heap after
{Heap after GC invocations=10 (full 0):
 garbage-first heap   total 262144K, used 73724K [0x00000000e0000000, 0x0000000100000000)
  region size 1024K, 5 young (5120K), 5 survivors (5120K)
 Metaspace       used 59772K, committed 61696K, reserved 393216K
  class space    used 9098K, committed 10048K, reserved 327680K
}
Event: 8.354 GC heap before
{Heap before GC invocations=10 (full 0):
 garbage-first heap   total 262144K, used 75772K [0x00000000e0000000, 0x0000000100000000)
  region size 1024K, 8 young (8192K), 5 survivors (5120K)
 Metaspace       used 60073K, committed 62016K, reserved 393216K
  class space    used 9143K, committed 10112K, reserved 327680K
}
Event: 8.358 GC heap after
{Heap after GC invocations=11 (full 0):
 garbage-first heap   total 262144K, used 72946K [0x00000000e0000000, 0x0000000100000000)
  region size 1024K, 5 young (5120K), 5 survivors (5120K)
 Metaspace       used 60073K, committed 62016K, reserved 393216K
  class space    used 9143K, committed 10112K, reserved 327680K
}
Event: 10.078 GC heap before
{Heap before GC invocations=12 (full 0):
 garbage-first heap   total 262144K, used 228594K [0x00000000e0000000, 0x0000000100000000)
  region size 1024K, 151 young (154624K), 5 survivors (5120K)
 Metaspace       used 76365K, committed 78400K, reserved 458752K
  class space    used 11103K, committed 12096K, reserved 327680K
}
Event: 10.090 GC heap after
{Heap after GC invocations=13 (full 0):
 garbage-first heap   total 262144K, used 88294K [0x00000000e0000000, 0x0000000100000000)
  region size 1024K, 19 young (19456K), 19 survivors (19456K)
 Metaspace       used 76365K, committed 78400K, reserved 458752K
  class space    used 11103K, committed 12096K, reserved 327680K
}
Event: 11.798 GC heap before
{Heap before GC invocations=13 (full 0):
 garbage-first heap   total 262144K, used 230630K [0x00000000e0000000, 0x0000000100000000)
  region size 1024K, 150 young (153600K), 19 survivors (19456K)
 Metaspace       used 91559K, committed 93952K, reserved 458752K
  class space    used 12840K, committed 14016K, reserved 327680K
}
Event: 11.815 GC heap after
{Heap after GC invocations=14 (full 0):
 garbage-first heap   total 264192K, used 106530K [0x00000000e0000000, 0x0000000100000000)
  region size 1024K, 12 young (12288K), 12 survivors (12288K)
 Metaspace       used 91559K, committed 93952K, reserved 458752K
  class space    used 12840K, committed 14016K, reserved 327680K
}

